<?xml version="1.0" encoding="UTF-8"?>
<coverage generated="1521973403577" clover="3.2.0">
  <project timestamp="1521973403577" name="All files">
    <metrics statements="17" coveredstatements="12" conditionals="0" coveredconditionals="0" methods="3" coveredmethods="2" elements="20" coveredelements="14" complexity="0" loc="17" ncloc="17" packages="1" files="1" classes="1">
      <file name="index.js" path="/Users/oyvind/Documents/npm/react-images-loaded-new/src/index.js">
        <metrics statements="17" coveredstatements="12" conditionals="0" coveredconditionals="0" methods="3" coveredmethods="2"/>
        <line num="8" count="7" type="stmt"/>
        <line num="9" count="7" type="stmt"/>
        <line num="12" count="7" type="stmt"/>
        <line num="15" count="7" type="stmt"/>
        <line num="16" count="7" type="stmt"/>
        <line num="17" count="7" type="stmt"/>
        <line num="18" count="7" type="stmt"/>
        <line num="22" count="0" type="stmt"/>
        <line num="25" count="0" type="stmt"/>
        <line num="26" count="0" type="stmt"/>
        <line num="27" count="0" type="stmt"/>
        <line num="28" count="0" type="stmt"/>
        <line num="32" count="7" type="stmt"/>
        <line num="33" count="7" type="stmt"/>
        <line num="35" count="7" type="stmt"/>
        <line num="43" count="1" type="stmt"/>
        <line num="49" count="1" type="stmt"/>
      </file>
    </metrics>
  </project>
</coverage>
