{"/Users/oyvind/Documents/npm/react-images-loaded-new/src/index.js": {"path":"/Users/oyvind/Documents/npm/react-images-loaded-new/src/index.js","statementMap":{"0":{"start":{"line":8,"column":63},"end":{"line":8,"column":73}},"1":{"start":{"line":9,"column":30},"end":{"line":9,"column":39}},"2":{"start":{"line":12,"column":4},"end":{"line":12,"column":68}},"3":{"start":{"line":15,"column":4},"end":{"line":15,"column":45}},"4":{"start":{"line":16,"column":4},"end":{"line":16,"column":39}},"5":{"start":{"line":17,"column":4},"end":{"line":17,"column":41}},"6":{"start":{"line":18,"column":4},"end":{"line":18,"column":49}},"7":{"start":{"line":22,"column":51},"end":{"line":22,"column":61}},"8":{"start":{"line":25,"column":4},"end":{"line":25,"column":46}},"9":{"start":{"line":26,"column":4},"end":{"line":26,"column":40}},"10":{"start":{"line":27,"column":4},"end":{"line":27,"column":42}},"11":{"start":{"line":28,"column":4},"end":{"line":28,"column":50}},"12":{"start":{"line":32,"column":25},"end":{"line":32,"column":35}},"13":{"start":{"line":33,"column":18},"end":{"line":33,"column":58}},"14":{"start":{"line":35,"column":4},"end":{"line":39,"column":6}},"15":{"start":{"line":43,"column":0},"end":{"line":47,"column":2}},"16":{"start":{"line":49,"column":18},"end":{"line":56,"column":1}}},"fnMap":{"0":{"name":"(anonymous_0)","decl":{"start":{"line":7,"column":2},"end":{"line":7,"column":3}},"loc":{"start":{"line":7,"column":22},"end":{"line":19,"column":3}},"line":7},"1":{"name":"(anonymous_1)","decl":{"start":{"line":21,"column":2},"end":{"line":21,"column":3}},"loc":{"start":{"line":21,"column":25},"end":{"line":29,"column":3}},"line":21},"2":{"name":"(anonymous_2)","decl":{"start":{"line":31,"column":2},"end":{"line":31,"column":3}},"loc":{"start":{"line":31,"column":11},"end":{"line":40,"column":3}},"line":31}},"branchMap":{},"s":{"0":7,"1":7,"2":7,"3":7,"4":7,"5":7,"6":7,"7":0,"8":0,"9":0,"10":0,"11":0,"12":7,"13":7,"14":7,"15":1,"16":1},"f":{"0":7,"1":0,"2":7},"b":{},"_coverageSchema":"332fd63041d2c1bcb487cc26dd0d5f7d97098a6c","hash":"61fbd04a66140c405ac98831e39ebe2ed72bbae3"}
}
